# JRE version: Java(TM) SE Runtime Environment (10.0.2+13) (build 10.0.2+13)
# Java VM: Java HotSpot(TM) 64-Bit Server VM (10.0.2+13, mixed mode, tiered, compressed oops, g1 gc, windows-amd64)
Heap:
 garbage-first heap   total 262144K, used 14334K [0x00000006c1200000, 0x00000007c0000000)
  region size 1024K, 5 young (5120K), 2 survivors (2048K)
 Metaspace       used 21859K, capacity 22529K, committed 22784K, reserved 1069056K
  class space    used 2752K, capacity 3059K, committed 3072K, reserved 1048576K
GC Heap History (8 events):
Event: 0.530 GC heap before
{Heap before GC invocations=0 (full 0):
 garbage-first heap   total 262144K, used 14336K [0x00000006c1200000, 0x00000007c0000000)
  region size 1024K, 14 young (14336K), 0 survivors (0K)
 Metaspace       used 13508K, capacity 13944K, committed 14208K, reserved 1060864K
  class space    used 1586K, capacity 1811K, committed 1920K, reserved 1048576K
}
Event: 0.534 GC heap after
{Heap after GC invocations=1 (full 0):
 garbage-first heap   total 262144K, used 3550K [0x00000006c1200000, 0x00000007c0000000)
  region size 1024K, 2 young (2048K), 2 survivors (2048K)
 Metaspace       used 13508K, capacity 13944K, committed 14208K, reserved 1060864K
  class space    used 1586K, capacity 1811K, committed 1920K, reserved 1048576K
}
Event: 0.811 GC heap before
{Heap before GC invocations=1 (full 0):
 garbage-first heap   total 262144K, used 13790K [0x00000006c1200000, 0x00000007c0000000)
  region size 1024K, 12 young (12288K), 2 survivors (2048K)
 Metaspace       used 18875K, capacity 19459K, committed 19712K, reserved 1067008K
  class space    used 2444K, capacity 2734K, committed 2816K, reserved 1048576K
}
Event: 0.818 GC heap after
{Heap after GC invocations=2 (full 0):
 garbage-first heap   total 262144K, used 6267K [0x00000006c1200000, 0x00000007c0000000)
  region size 1024K, 2 young (2048K), 2 survivors (2048K)
 Metaspace       used 18875K, capacity 19459K, committed 19712K, reserved 1067008K
  class space    used 2444K, capacity 2734K, committed 2816K, reserved 1048576K
}
Event: 5.127 GC heap before
{Heap before GC invocations=2 (full 0):
 garbage-first heap   total 262144K, used 10363K [0x00000006c1200000, 0x00000007c0000000)
  region size 1024K, 5 young (5120K), 2 survivors (2048K)
 Metaspace       used 20449K, capacity 21059K, committed 21248K, reserved 1067008K
  class space    used 2642K, capacity 2957K, committed 3072K, reserved 1048576K
}
Event: 5.130 GC heap after
{Heap after GC invocations=3 (full 0):
 garbage-first heap   total 262144K, used 8985K [0x00000006c1200000, 0x00000007c0000000)
  region size 1024K, 3 young (3072K), 3 survivors (3072K)
 Metaspace       used 20449K, capacity 21059K, committed 21248K, reserved 1067008K
  class space    used 2642K, capacity 2957K, committed 3072K, reserved 1048576K
}
Event: 15.135 GC heap before
{Heap before GC invocations=4 (full 0):
 garbage-first heap   total 262144K, used 79641K [0x00000006c1200000, 0x00000007c0000000)
  region size 1024K, 30 young (30720K), 3 survivors (3072K)
 Metaspace       used 21761K, capacity 22464K, committed 22784K, reserved 1069056K
  class space    used 2752K, capacity 3059K, committed 3072K, reserved 1048576K
}
Event: 15.139 GC heap after
{Heap after GC invocations=5 (full 0):
 garbage-first heap   total 262144K, used 12286K [0x00000006c1200000, 0x00000007c0000000)
  region size 1024K, 2 young (2048K), 2 survivors (2048K)
 Metaspace       used 21761K, capacity 22464K, committed 22784K, reserved 1069056K
  class space    used 2752K, capacity 3059K, committed 3072K, reserved 1048576K
}

